[debug] [2023-07-19T21:05:24.429Z] ----------------------------------------------------------------------
[debug] [2023-07-19T21:05:24.432Z] Command:       C:\Program Files\nodejs\node.exe C:\Users\Linkln\AppData\Roaming\npm\node_modules\firebase-tools\lib\bin\firebase.js init
[debug] [2023-07-19T21:05:24.433Z] CLI Version:   12.4.4
[debug] [2023-07-19T21:05:24.433Z] Platform:      win32
[debug] [2023-07-19T21:05:24.433Z] Node Version:  v16.17.0
[debug] [2023-07-19T21:05:24.435Z] Time:          Thu Jul 20 2023 00:05:24 GMT+0300 (Восточная Европа, летнее время)
[debug] [2023-07-19T21:05:24.435Z] ----------------------------------------------------------------------
[debug] 
[debug] [2023-07-19T21:05:24.552Z] > command requires scopes: ["email","openid","https://www.googleapis.com/auth/cloudplatformprojects.readonly","https://www.googleapis.com/auth/firebase","https://www.googleapis.com/auth/cloud-platform"]
[debug] [2023-07-19T21:05:24.552Z] > authorizing via signed-in user (liviusss2000cojocaru@gmail.com)
[info] 
     ######## #### ########  ######## ########     ###     ######  ########
     ##        ##  ##     ## ##       ##     ##  ##   ##  ##       ##
     ######    ##  ########  ######   ########  #########  ######  ######
     ##        ##  ##    ##  ##       ##     ## ##     ##       ## ##
     ##       #### ##     ## ######## ########  ##     ##  ######  ########

You're about to initialize a Firebase project in this directory:

  C:\Users\Linkln\Desktop\Proiecte\gimnaziulcasunca\Client

Before we get started, keep in mind:

  * You are initializing within an existing Firebase project directory

